<?xml version="1.0" encoding="UTF-8"?>
<testsuite xmlns:xsi="http://www.w3.org/2001/XMLSchema-instance" xsi:schemaLocation="https://maven.apache.org/surefire/maven-surefire-plugin/xsd/surefire-test-report.xsd" name="TestSuite" time="73.555" tests="4" errors="0" skipped="0" failures="4">
  <properties>
[...]
</properties>
  <testcase name="Test_Example_One" classname="autoTests.TestSiute.Google_acc" time="21.551">
    <failure message="Timed out after 5 seconds waiting for element to be clickable: Proxy element for: DefaultElementLocator &apos;By.id: Passwd&apos;&#10;Build info: version: &apos;2.53.1&apos;, revision: &apos;a36b8b1cd5757287168e54b817830adce9b0158d&apos;, time: &apos;2016-06-30 19:26:09&apos;&#10;System info: host: &apos;Privat24-ПК&apos;, ip: &apos;10.42.3.72&apos;, os.name: &apos;Windows 7&apos;, os.arch: &apos;amd64&apos;, os.version: &apos;6.1&apos;, java.version: &apos;1.7.0_55&apos;&#10;Session ID: a2c57a40-1912-4d17-bed0-7d73a62c7bf2&#10;Driver info: org.openqa.selenium.firefox.FirefoxDriver&#10;Capabilities [{platform=WINDOWS, acceptSslCerts=true, javascriptEnabled=true, cssSelectorsEnabled=true, databaseEnabled=true, browserName=firefox, handlesAlerts=true, nativeEvents=false, webStorageEnabled=true, rotatable=false, locationContextEnabled=false, applicationCacheEnabled=true, takesScreenshot=true, version=46.0.1}]" type="org.openqa.selenium.TimeoutException">org.openqa.selenium.TimeoutException: 
Timed out after 5 seconds waiting for element to be clickable: Proxy element for: DefaultElementLocator 'By.id: Passwd'
Build info: version: '2.53.1', revision: 'a36b8b1cd5757287168e54b817830adce9b0158d', time: '2016-06-30 19:26:09'
System info: host: 'Privat24-ПК', ip: '10.42.3.72', os.name: 'Windows 7', os.arch: 'amd64', os.version: '6.1', java.version: '1.7.0_55'
Session ID: a2c57a40-1912-4d17-bed0-7d73a62c7bf2
Driver info: org.openqa.selenium.firefox.FirefoxDriver
Capabilities [{platform=WINDOWS, acceptSslCerts=true, javascriptEnabled=true, cssSelectorsEnabled=true, databaseEnabled=true, browserName=firefox, handlesAlerts=true, nativeEvents=false, webStorageEnabled=true, rotatable=false, locationContextEnabled=false, applicationCacheEnabled=true, takesScreenshot=true, version=46.0.1}]
	at autoTests.TestSiute.Google_acc.Test_Example_One(Google_acc.java:27)
Caused by: org.openqa.selenium.NoSuchElementException: 
Unable to locate element: {"method":"id","selector":"Passwd"}
Command duration or timeout: 10.06 seconds
For documentation on this error, please visit: http://seleniumhq.org/exceptions/no_such_element.html
Build info: version: '2.53.1', revision: 'a36b8b1cd5757287168e54b817830adce9b0158d', time: '2016-06-30 19:26:09'
System info: host: 'Privat24-ПК', ip: '10.42.3.72', os.name: 'Windows 7', os.arch: 'amd64', os.version: '6.1', java.version: '1.7.0_55'
*** Element info: {Using=id, value=Passwd}
Session ID: a2c57a40-1912-4d17-bed0-7d73a62c7bf2
Driver info: org.openqa.selenium.firefox.FirefoxDriver
Capabilities [{platform=WINDOWS, acceptSslCerts=true, javascriptEnabled=true, cssSelectorsEnabled=true, databaseEnabled=true, browserName=firefox, handlesAlerts=true, nativeEvents=false, webStorageEnabled=true, rotatable=false, locationContextEnabled=false, applicationCacheEnabled=true, takesScreenshot=true, version=46.0.1}]
	at autoTests.TestSiute.Google_acc.Test_Example_One(Google_acc.java:27)
Caused by: org.openqa.selenium.NoSuchElementException: 
Unable to locate element: {"method":"id","selector":"Passwd"}
For documentation on this error, please visit: http://seleniumhq.org/exceptions/no_such_element.html
Build info: version: '2.53.1', revision: 'a36b8b1cd5757287168e54b817830adce9b0158d', time: '2016-06-30 19:26:09'
System info: host: 'Privat24-ПК', ip: '10.42.3.72', os.name: 'Windows 7', os.arch: 'amd64', os.version: '6.1', java.version: '1.7.0_55'
Driver info: driver.version: unknown
</failure>
    <system-out><![CDATA[Tests will be run (or rerun) in Firefox with custom profile...
]]></system-out>
    <system-err><![CDATA[SLF4J: Failed to load class "org.slf4j.impl.StaticLoggerBinder".
SLF4J: Defaulting to no-operation (NOP) logger implementation
SLF4J: See http://www.slf4j.org/codes.html#StaticLoggerBinder for further details.
]]></system-err>
  </testcase>
  <testcase name="Test_Example_Two" classname="autoTests.TestSiute.Google_acc" time="2.357">
    <failure message="expected [Введите адрес электронной почты] but found [Введите пароль.]" type="java.lang.AssertionError">java.lang.AssertionError: expected [Введите адрес электронной почты] but found [Введите пароль.]
	at autoTests.TestSiute.Google_acc.Test_Example_Two(Google_acc.java:41)
</failure>
  </testcase>
  <testcase name="Test_Example_One" classname="autoTests.TestSiute.Google_search" time="2.192">
    <failure message="expected [Введите адрес электронной почты] but found [Введите пароль.]" type="java.lang.AssertionError">java.lang.AssertionError: expected [Введите адрес электронной почты] but found [Введите пароль.]
	at autoTests.TestSiute.Google_search.Test_Example_One(Google_search.java:50)
</failure>
    <system-out><![CDATA[Tests will be run (or rerun) in Firefox with custom profile...
]]></system-out>
  </testcase>
  <testcase name="Test_Example_One" classname="autoTests.TestSiute.Google_search" time="2.341">
    <failure message="expected [Введите адрес электронной почты] but found [Введите пароль.]" type="java.lang.AssertionError">java.lang.AssertionError: expected [Введите адрес электронной почты] but found [Введите пароль.]
	at autoTests.TestSiute.Google_search.Test_Example_One(Google_search.java:50)
</failure>
  </testcase>
</testsuite>